Started building sites ...
Built site for language en:
0 draft content
0 future content
0 expired content
3 regular pages created
10 other pages created
0 non-page files copied
0 paginator pages created
0 tags created
0 categories created
total in 6 ms
Watching for changes in /Users/sebastianestevez/Desktop/simple-startup-and-docs/docsrc/{content,static,themes}
Serving pages from memory
Web Server is available at http://localhost:1313/ (bind address 127.0.0.1)
Press Ctrl+C to stop

Change detected, rebuilding site
2017-12-28 17:56 -0500
Template changed "/Users/sebastianestevez/Desktop/simple-startup-and-docs/docsrc/themes/hugo-material-docs/layouts/404.html": REMOVE
Template changed "/Users/sebastianestevez/Desktop/simple-startup-and-docs/docsrc/themes/hugo-material-docs/layouts/_default/__list.html": REMOVE
Template changed "/Users/sebastianestevez/Desktop/simple-startup-and-docs/docsrc/themes/hugo-material-docs/layouts/_default": REMOVE|WRITE
Template changed "/Users/sebastianestevez/Desktop/simple-startup-and-docs/docsrc/themes/hugo-material-docs/layouts/index.html": REMOVE
Template changed "/Users/sebastianestevez/Desktop/simple-startup-and-docs/docsrc/themes/hugo-material-docs/layouts/partials/annotatorjs1.html": REMOVE
Template changed "/Users/sebastianestevez/Desktop/simple-startup-and-docs/docsrc/themes/hugo-material-docs/layouts/partials": REMOVE|WRITE
Template changed "/Users/sebastianestevez/Desktop/simple-startup-and-docs/docsrc/themes/hugo-material-docs/layouts": REMOVE|WRITE
Template changed "/Users/sebastianestevez/Desktop/simple-startup-and-docs/docsrc/themes/hugo-material-docs/layouts/shortcodes/button.html": REMOVE
Template changed "/Users/sebastianestevez/Desktop/simple-startup-and-docs/docsrc/themes/hugo-material-docs/layouts/shortcodes": REMOVE|WRITE
Built site for language en:
0 draft content
0 future content
0 expired content
3 regular pages created
10 other pages created
0 non-page files copied
0 paginator pages created
0 tags created
0 categories created
total in 14 ms
Started building sites ...
Built site for language en:
0 draft content
0 future content
0 expired content
3 regular pages created
6 other pages created
0 non-page files copied
0 paginator pages created
total in 11 ms
Watching for changes in /Users/sebastianestevez/Desktop/graphql-dse-example/docsrc/{content,static,themes}
Serving pages from memory
Web Server is available at http://localhost:1313/ (bind address 0.0.0.0)
Press Ctrl+C to stop
Started building sites ...
Built site for language en:
0 draft content
0 future content
0 expired content
3 regular pages created
6 other pages created
0 non-page files copied
0 paginator pages created
total in 5 ms
Watching for changes in /Users/sebastianestevez/Desktop/graphql-dse-example/docsrc/{content,static,themes}
Serving pages from memory
Web Server is available at http://localhost:1313/ (bind address 0.0.0.0)
Press Ctrl+C to stop
Started building sites ...
Built site for language en:
0 draft content
0 future content
0 expired content
3 regular pages created
6 other pages created
0 non-page files copied
0 paginator pages created
total in 6 ms
Watching for changes in /Users/sebastianestevez/Desktop/graphql-dse-example/docsrc/{content,static,themes}
Serving pages from memory
Web Server is available at http://localhost:1313/ (bind address 0.0.0.0)
Press Ctrl+C to stop
Started building sites ...
Built site for language en:
0 draft content
0 future content
0 expired content
3 regular pages created
6 other pages created
0 non-page files copied
0 paginator pages created
total in 6 ms
Watching for changes in /Users/sebastianestevez/Desktop/graphql-dse-example/docsrc/{content,static,themes}
Serving pages from memory
Web Server is available at http://localhost:1313/ (bind address 0.0.0.0)
Press Ctrl+C to stop
Started building sites ...
Built site for language en:
0 draft content
0 future content
0 expired content
3 regular pages created
6 other pages created
0 non-page files copied
0 paginator pages created
total in 6 ms
Watching for changes in /Users/sebastianestevez/Desktop/graphql-dse-example/docsrc/{content,static,themes}
Serving pages from memory
Web Server is available at http://localhost:1313/ (bind address 0.0.0.0)
Press Ctrl+C to stop
Started building sites ...
Built site for language en:
0 draft content
0 future content
0 expired content
3 regular pages created
6 other pages created
0 non-page files copied
0 paginator pages created
total in 6 ms
Watching for changes in /Users/sebastianestevez/Desktop/graphql-dse-example/docsrc/{content,static,themes}
Serving pages from memory
Web Server is available at http://localhost:1313/ (bind address 0.0.0.0)
Press Ctrl+C to stop
Started building sites ...
Built site for language en:
0 draft content
0 future content
0 expired content
3 regular pages created
6 other pages created
0 non-page files copied
0 paginator pages created
total in 4 ms
Watching for changes in /Users/sebastianestevez/Desktop/graphql-dse-example/docsrc/{content,static,themes}
Serving pages from memory
Web Server is available at http://localhost:1313/ (bind address 0.0.0.0)
Press Ctrl+C to stop
Started building sites ...
Built site for language en:
0 draft content
0 future content
0 expired content
3 regular pages created
6 other pages created
0 non-page files copied
0 paginator pages created
total in 5 ms
Watching for changes in /Users/sebastianestevez/Desktop/graphql-dse-example/docsrc/{content,static,themes}
Serving pages from memory
Web Server is available at http://localhost:1313/ (bind address 0.0.0.0)
Press Ctrl+C to stop

Change detected, rebuilding site
2018-03-01 10:28 -0500
Source changed "/Users/sebastianestevez/Desktop/graphql-dse-example/docsrc/content/index.md": REMOVE|RENAME
Source changed "/Users/sebastianestevez/Desktop/graphql-dse-example/docsrc/content/index.md": CREATE
Built site for language en:
0 draft content
0 future content
0 expired content
3 regular pages created
6 other pages created
0 non-page files copied
0 paginator pages created
total in 11 ms

Change detected, rebuilding site
2018-03-01 10:29 -0500
Source changed "/Users/sebastianestevez/Desktop/graphql-dse-example/docsrc/content/index.md": RENAME
Source changed "/Users/sebastianestevez/Desktop/graphql-dse-example/docsrc/content/index.md": CREATE
Built site for language en:
0 draft content
0 future content
0 expired content
3 regular pages created
6 other pages created
0 non-page files copied
0 paginator pages created
total in 7 ms

Change detected, rebuilding site
2018-03-01 10:48 -0500
Source changed "/Users/sebastianestevez/Desktop/graphql-dse-example/docsrc/content/index.md": RENAME
Source changed "/Users/sebastianestevez/Desktop/graphql-dse-example/docsrc/content/index.md": CREATE
Built site for language en:
0 draft content
0 future content
0 expired content
3 regular pages created
6 other pages created
0 non-page files copied
0 paginator pages created
total in 12 ms

Change detected, rebuilding site
2018-03-01 11:25 -0500
Source changed "/Users/sebastianestevez/Desktop/graphql-dse-example/docsrc/content/index.md": RENAME
Source changed "/Users/sebastianestevez/Desktop/graphql-dse-example/docsrc/content/index.md": CREATE
Built site for language en:
0 draft content
0 future content
0 expired content
3 regular pages created
6 other pages created
0 non-page files copied
0 paginator pages created
total in 10 ms

Change detected, rebuilding site
2018-03-01 11:33 -0500
Source changed "/Users/sebastianestevez/Desktop/graphql-dse-example/docsrc/content/index.md": RENAME
Source changed "/Users/sebastianestevez/Desktop/graphql-dse-example/docsrc/content/index.md": CREATE
Built site for language en:
0 draft content
0 future content
0 expired content
3 regular pages created
6 other pages created
0 non-page files copied
0 paginator pages created
total in 11 ms

Change detected, rebuilding site
2018-03-01 11:57 -0500
Source changed "/Users/sebastianestevez/Desktop/graphql-dse-example/docsrc/content/index.md": RENAME
Source changed "/Users/sebastianestevez/Desktop/graphql-dse-example/docsrc/content/index.md": CREATE
Built site for language en:
0 draft content
0 future content
0 expired content
3 regular pages created
6 other pages created
0 non-page files copied
0 paginator pages created
total in 7 ms
adding created directory to watchlist /Users/sebastianestevez/Desktop/graphql-dse-example/docsrc/content/graphql

Change detected, rebuilding site
2018-03-01 11:57 -0500
Source changed "/Users/sebastianestevez/Desktop/graphql-dse-example/docsrc/content/graphql/sample.md": CREATE
Source changed "/Users/sebastianestevez/Desktop/graphql-dse-example/docsrc/content/graphql": CREATE
Source changed "/Users/sebastianestevez/Desktop/graphql-dse-example/docsrc/content/sample": REMOVE|RENAME
Built site for language en:
0 draft content
0 future content
0 expired content
3 regular pages created
6 other pages created
0 non-page files copied
0 paginator pages created
total in 5 ms
adding created directory to watchlist /Users/sebastianestevez/Desktop/graphql-dse-example/docsrc/content/crudl

Change detected, rebuilding site
2018-03-01 11:58 -0500
Source changed "/Users/sebastianestevez/Desktop/graphql-dse-example/docsrc/content/crudl/sample.md": CREATE
Source changed "/Users/sebastianestevez/Desktop/graphql-dse-example/docsrc/content/crudl": CREATE
ERROR 2018/03/01 11:58:07 Two or more menu items have the same name/identifier in Menu "main": "sample".
Rename or set an unique identifier.
Built site for language en:
0 draft content
0 future content
0 expired content
4 regular pages created
8 other pages created
0 non-page files copied
0 paginator pages created
total in 6 ms

Change detected, rebuilding site
2018-03-01 11:58 -0500
Source changed "/Users/sebastianestevez/Desktop/graphql-dse-example/docsrc/content/graphql/graphql.md": CREATE
Source changed "/Users/sebastianestevez/Desktop/graphql-dse-example/docsrc/content/graphql/sample.md": RENAME
ERROR 2018/03/01 11:58:23 Two or more menu items have the same name/identifier in Menu "main": "sample".
Rename or set an unique identifier.
Built site for language en:
0 draft content
0 future content
0 expired content
4 regular pages created
8 other pages created
0 non-page files copied
0 paginator pages created
total in 8 ms

Change detected, rebuilding site
2018-03-01 11:58 -0500
Source changed "/Users/sebastianestevez/Desktop/graphql-dse-example/docsrc/content/graphql/graphql.md": RENAME
Source changed "/Users/sebastianestevez/Desktop/graphql-dse-example/docsrc/content/graphql/graphql.md": CREATE
ERROR 2018/03/01 11:58:41 Two or more menu items have the same name/identifier in Menu "main": "sample".
Rename or set an unique identifier.
Built site for language en:
0 draft content
0 future content
0 expired content
4 regular pages created
8 other pages created
0 non-page files copied
0 paginator pages created
total in 7 ms
Config file changed: /Users/sebastianestevez/Desktop/graphql-dse-example/docsrc/config.toml
Started building sites ...
ERROR 2018/03/01 11:59:28 Two or more menu items have the same name/identifier in Menu "main": "sample".
Rename or set an unique identifier.
Built site for language en:
0 draft content
0 future content
0 expired content
4 regular pages created
8 other pages created
0 non-page files copied
0 paginator pages created
total in 67 ms

Change detected, rebuilding site
2018-03-01 12:00 -0500
Source changed "/Users/sebastianestevez/Desktop/graphql-dse-example/docsrc/content/graphql/graphql.md": RENAME
Source changed "/Users/sebastianestevez/Desktop/graphql-dse-example/docsrc/content/graphql/graphql.md": CREATE
Built site for language en:
0 draft content
0 future content
0 expired content
4 regular pages created
8 other pages created
0 non-page files copied
0 paginator pages created
total in 8 ms

Change detected, rebuilding site
2018-03-01 12:00 -0500
Source changed "/Users/sebastianestevez/Desktop/graphql-dse-example/docsrc/content/crudl/crudl.md": CREATE
Source changed "/Users/sebastianestevez/Desktop/graphql-dse-example/docsrc/content/crudl/sample.md": RENAME
Built site for language en:
0 draft content
0 future content
0 expired content
4 regular pages created
8 other pages created
0 non-page files copied
0 paginator pages created
total in 7 ms

Change detected, rebuilding site
2018-03-01 12:00 -0500
Source changed "/Users/sebastianestevez/Desktop/graphql-dse-example/docsrc/content/crudl/crudl.md": RENAME
Source changed "/Users/sebastianestevez/Desktop/graphql-dse-example/docsrc/content/crudl/crudl.md": CREATE
Built site for language en:
0 draft content
0 future content
0 expired content
4 regular pages created
8 other pages created
0 non-page files copied
0 paginator pages created
total in 4 ms

Change detected, rebuilding site
2018-03-01 12:04 -0500
Source changed "/Users/sebastianestevez/Desktop/graphql-dse-example/docsrc/content/graphql/graphql.md": RENAME
Source changed "/Users/sebastianestevez/Desktop/graphql-dse-example/docsrc/content/graphql/graphql.md": CREATE
Built site for language en:
0 draft content
0 future content
0 expired content
4 regular pages created
8 other pages created
0 non-page files copied
0 paginator pages created
total in 5 ms

Change detected, rebuilding site
2018-03-01 12:05 -0500
Source changed "/Users/sebastianestevez/Desktop/graphql-dse-example/docsrc/content/graphql/graphql.md": RENAME
Source changed "/Users/sebastianestevez/Desktop/graphql-dse-example/docsrc/content/graphql/graphql.md": CREATE
Built site for language en:
0 draft content
0 future content
0 expired content
4 regular pages created
8 other pages created
0 non-page files copied
0 paginator pages created
total in 6 ms

Change detected, rebuilding site
2018-03-01 12:05 -0500
Source changed "/Users/sebastianestevez/Desktop/graphql-dse-example/docsrc/content/graphql/graphql.md": RENAME
Source changed "/Users/sebastianestevez/Desktop/graphql-dse-example/docsrc/content/graphql/graphql.md": CREATE
Built site for language en:
0 draft content
0 future content
0 expired content
4 regular pages created
8 other pages created
0 non-page files copied
0 paginator pages created
total in 6 ms

Change detected, rebuilding site
2018-03-01 12:10 -0500
Source changed "/Users/sebastianestevez/Desktop/graphql-dse-example/docsrc/content/graphql/graphql.md": RENAME
Source changed "/Users/sebastianestevez/Desktop/graphql-dse-example/docsrc/content/graphql/graphql.md": CREATE
Built site for language en:
0 draft content
0 future content
0 expired content
4 regular pages created
8 other pages created
0 non-page files copied
0 paginator pages created
total in 5 ms

Change detected, rebuilding site
2018-03-01 12:11 -0500
Source changed "/Users/sebastianestevez/Desktop/graphql-dse-example/docsrc/content/crudl/crudl.md": RENAME
Source changed "/Users/sebastianestevez/Desktop/graphql-dse-example/docsrc/content/crudl/crudl.md": CREATE
Built site for language en:
0 draft content
0 future content
0 expired content
4 regular pages created
8 other pages created
0 non-page files copied
0 paginator pages created
total in 6 ms

Change detected, rebuilding site
2018-03-01 12:14 -0500
Source changed "/Users/sebastianestevez/Desktop/graphql-dse-example/docsrc/content/graphql/graphql.md": RENAME
Source changed "/Users/sebastianestevez/Desktop/graphql-dse-example/docsrc/content/graphql/graphql.md": CREATE
Built site for language en:
0 draft content
0 future content
0 expired content
4 regular pages created
8 other pages created
0 non-page files copied
0 paginator pages created
total in 8 ms

Change detected, rebuilding site
2018-03-01 12:18 -0500
Source changed "/Users/sebastianestevez/Desktop/graphql-dse-example/docsrc/content/graphql/graphql.md": RENAME
Source changed "/Users/sebastianestevez/Desktop/graphql-dse-example/docsrc/content/graphql/graphql.md": CREATE
Built site for language en:
0 draft content
0 future content
0 expired content
4 regular pages created
8 other pages created
0 non-page files copied
0 paginator pages created
total in 7 ms

Change detected, rebuilding site
2018-03-01 12:25 -0500
Source changed "/Users/sebastianestevez/Desktop/graphql-dse-example/docsrc/content/graphql/graphql.md": RENAME
Source changed "/Users/sebastianestevez/Desktop/graphql-dse-example/docsrc/content/graphql/graphql.md": CREATE
Built site for language en:
0 draft content
0 future content
0 expired content
4 regular pages created
8 other pages created
0 non-page files copied
0 paginator pages created
total in 7 ms

Change detected, rebuilding site
2018-03-01 12:34 -0500
Source changed "/Users/sebastianestevez/Desktop/graphql-dse-example/docsrc/content/crudl/crudl.md": RENAME
Source changed "/Users/sebastianestevez/Desktop/graphql-dse-example/docsrc/content/crudl/crudl.md": CREATE
Built site for language en:
0 draft content
0 future content
0 expired content
4 regular pages created
8 other pages created
0 non-page files copied
0 paginator pages created
total in 6 ms

Change detected, rebuilding site
2018-03-01 12:35 -0500
Source changed "/Users/sebastianestevez/Desktop/graphql-dse-example/docsrc/content/crudl/crudl.md": RENAME
Source changed "/Users/sebastianestevez/Desktop/graphql-dse-example/docsrc/content/crudl/crudl.md": CREATE
Built site for language en:
0 draft content
0 future content
0 expired content
4 regular pages created
8 other pages created
0 non-page files copied
0 paginator pages created
total in 5 ms
